<?xml version="1.0" encoding="UTF-8"?>
<coverage generated="1522467499791" clover="3.2.0">
  <project timestamp="1522467499791" name="All files">
    <metrics statements="56" coveredstatements="34" conditionals="51" coveredconditionals="26" methods="24" coveredmethods="7" elements="131" coveredelements="67" complexity="0" loc="56" ncloc="56" packages="3" files="6" classes="6">
      <package name="src">
        <metrics statements="26" coveredstatements="4" conditionals="25" coveredconditionals="0" methods="19" coveredmethods="2"/>
        <file name="App.js" path="/Users/jeanpaulsio/Desktop/code/playground/code-challenge/src/App.js">
          <metrics statements="4" coveredstatements="3" conditionals="0" coveredconditionals="0" methods="3" coveredmethods="2"/>
          <line num="11" count="1" type="stmt"/>
          <line num="13" count="1" type="stmt"/>
          <line num="17" count="1" type="stmt"/>
          <line num="23" count="0" type="stmt"/>
        </file>
        <file name="index.js" path="/Users/jeanpaulsio/Desktop/code/playground/code-challenge/src/index.js">
          <metrics statements="6" coveredstatements="0" conditionals="4" coveredconditionals="0" methods="1" coveredmethods="0"/>
          <line num="1" count="0" type="stmt"/>
          <line num="2" count="0" type="stmt"/>
          <line num="3" count="0" type="stmt"/>
          <line num="4" count="0" type="cond" truecount="0" falsecount="4"/>
          <line num="6" count="0" type="stmt"/>
          <line num="7" count="0" type="stmt"/>
        </file>
        <file name="registerServiceWorker.js" path="/Users/jeanpaulsio/Desktop/code/playground/code-challenge/src/registerServiceWorker.js">
          <metrics statements="15" coveredstatements="0" conditionals="21" coveredconditionals="0" methods="15" coveredmethods="0"/>
          <line num="1" count="0" type="stmt"/>
          <line num="21" count="0" type="stmt"/>
          <line num="118" count="0" type="cond" truecount="0" falsecount="3"/>
          <line num="120" count="0" type="cond" truecount="0" falsecount="4"/>
          <line num="121" count="0" type="cond" truecount="0" falsecount="2"/>
          <line num="124" count="0" type="cond" truecount="0" falsecount="2"/>
          <line num="125" count="0" type="stmt"/>
          <line num="127" count="0" type="stmt"/>
          <line num="128" count="0" type="cond" truecount="0" falsecount="4"/>
          <line num="132" count="0" type="stmt"/>
          <line num="135" count="0" type="stmt"/>
          <line num="136" count="0" type="stmt"/>
          <line num="137" count="0" type="cond" truecount="0" falsecount="4"/>
          <line num="138" count="0" type="stmt"/>
          <line num="139" count="0" type="cond" truecount="0" falsecount="2"/>
        </file>
        <file name="setupTests.js" path="/Users/jeanpaulsio/Desktop/code/playground/code-challenge/src/setupTests.js">
          <metrics statements="1" coveredstatements="1" conditionals="0" coveredconditionals="0" methods="0" coveredmethods="0"/>
          <line num="4" count="3" type="stmt"/>
        </file>
      </package>
      <package name="src.components">
        <metrics statements="2" coveredstatements="2" conditionals="0" coveredconditionals="0" methods="1" coveredmethods="1"/>
        <file name="Input.js" path="/Users/jeanpaulsio/Desktop/code/playground/code-challenge/src/components/Input.js">
          <metrics statements="2" coveredstatements="2" conditionals="0" coveredconditionals="0" methods="1" coveredmethods="1"/>
          <line num="5" count="2" type="stmt"/>
          <line num="12" count="1" type="stmt"/>
        </file>
      </package>
      <package name="src.lib">
        <metrics statements="28" coveredstatements="28" conditionals="26" coveredconditionals="26" methods="4" coveredmethods="4"/>
        <file name="utils.js" path="/Users/jeanpaulsio/Desktop/code/playground/code-challenge/src/lib/utils.js">
          <metrics statements="28" coveredstatements="28" conditionals="26" coveredconditionals="26" methods="4" coveredmethods="4"/>
          <line num="1" count="2" type="stmt"/>
          <line num="2" count="2" type="stmt"/>
          <line num="5" count="2" type="stmt"/>
          <line num="6" count="3" type="stmt"/>
          <line num="9" count="2" type="stmt"/>
          <line num="10" count="11" type="stmt"/>
          <line num="11" count="11" type="stmt"/>
          <line num="12" count="11" type="stmt"/>
          <line num="13" count="11" type="stmt"/>
          <line num="14" count="11" type="stmt"/>
          <line num="15" count="11" type="stmt"/>
          <line num="17" count="11" type="stmt"/>
          <line num="18" count="103" type="cond" truecount="2" falsecount="0"/>
          <line num="19" count="2" type="stmt"/>
          <line num="22" count="103" type="cond" truecount="2" falsecount="0"/>
          <line num="23" count="14" type="stmt"/>
          <line num="26" count="103" type="cond" truecount="2" falsecount="0"/>
          <line num="27" count="2" type="stmt"/>
          <line num="30" count="103" type="cond" truecount="2" falsecount="0"/>
          <line num="31" count="4" type="stmt"/>
          <line num="34" count="103" type="cond" truecount="2" falsecount="0"/>
          <line num="35" count="4" type="stmt"/>
          <line num="38" count="103" type="cond" truecount="2" falsecount="0"/>
          <line num="45" count="17" type="stmt"/>
          <line num="46" count="17" type="cond" truecount="2" falsecount="0"/>
          <line num="49" count="103" type="cond" truecount="2" falsecount="0"/>
          <line num="56" count="17" type="stmt"/>
          <line num="60" count="11" type="stmt"/>
        </file>
      </package>
    </metrics>
  </project>
</coverage>
