TN:
SF:/Users/jeanpaulsio/Desktop/code/playground/code-challenge/client/src/App.js
FN:17,(anonymous_0)
FN:23,(anonymous_1)
FN:27,(anonymous_2)
FN:34,(anonymous_3)
FN:41,(anonymous_4)
FN:47,(anonymous_5)
FN:98,(anonymous_6)
FN:125,(anonymous_7)
FN:131,(anonymous_8)
FN:137,(anonymous_9)
FN:141,(anonymous_10)
FNF:11
FNH:5
FNDA:1,(anonymous_0)
FNDA:0,(anonymous_1)
FNDA:0,(anonymous_2)
FNDA:1,(anonymous_3)
FNDA:1,(anonymous_4)
FNDA:0,(anonymous_5)
FNDA:1,(anonymous_6)
FNDA:1,(anonymous_7)
FNDA:0,(anonymous_8)
FNDA:0,(anonymous_9)
FNDA:0,(anonymous_10)
DA:18,1
DA:20,1
DA:24,0
DA:25,0
DA:28,0
DA:31,0
DA:35,1
DA:37,1
DA:42,1
DA:48,0
DA:99,1
DA:126,1
DA:131,0
DA:137,0
DA:142,0
LF:15
LH:7
BRDA:144,0,0,0
BRDA:144,0,1,1
BRDA:148,1,0,1
BRDA:148,1,1,0
BRDA:153,2,0,1
BRDA:153,2,1,0
BRF:6
BRH:3
end_of_record
TN:
SF:/Users/jeanpaulsio/Desktop/code/playground/code-challenge/client/src/index.js
FN:4,_interopRequireDefault
FNF:1
FNH:0
FNDA:0,_interopRequireDefault
DA:1,0
DA:2,0
DA:3,0
DA:4,0
DA:6,0
DA:7,0
LF:6
LH:0
BRDA:4,0,0,0
BRDA:4,0,1,0
BRDA:4,1,0,0
BRDA:4,1,1,0
BRF:4
BRH:0
end_of_record
TN:
SF:/Users/jeanpaulsio/Desktop/code/playground/code-challenge/client/src/registerServiceWorker.js
FN:120,register
FN:124,(anonymous_1)
FN:127,(anonymous_2)
FN:128,registerValidSW
FN:128,(anonymous_4)
FN:128,(anonymous_5)
FN:128,(anonymous_6)
FN:135,(anonymous_7)
FN:135,checkValidServiceWorker
FN:136,(anonymous_9)
FN:138,(anonymous_10)
FN:138,(anonymous_11)
FN:139,(anonymous_12)
FN:139,unregister
FN:139,(anonymous_14)
FNF:15
FNH:0
FNDA:0,register
FNDA:0,(anonymous_1)
FNDA:0,(anonymous_2)
FNDA:0,registerValidSW
FNDA:0,(anonymous_4)
FNDA:0,(anonymous_5)
FNDA:0,(anonymous_6)
FNDA:0,(anonymous_7)
FNDA:0,checkValidServiceWorker
FNDA:0,(anonymous_9)
FNDA:0,(anonymous_10)
FNDA:0,(anonymous_11)
FNDA:0,(anonymous_12)
FNDA:0,unregister
FNDA:0,(anonymous_14)
DA:1,0
DA:21,0
DA:118,0
DA:120,0
DA:121,0
DA:124,0
DA:125,0
DA:127,0
DA:128,0
DA:132,0
DA:135,0
DA:136,0
DA:137,0
DA:138,0
DA:139,0
LF:15
LH:0
BRDA:118,0,0,0
BRDA:118,0,1,0
BRDA:118,0,2,0
BRDA:120,1,0,0
BRDA:120,1,1,0
BRDA:120,2,0,0
BRDA:120,2,1,0
BRDA:121,3,0,0
BRDA:121,3,1,0
BRDA:124,4,0,0
BRDA:124,4,1,0
BRDA:128,5,0,0
BRDA:128,5,1,0
BRDA:128,6,0,0
BRDA:128,6,1,0
BRDA:137,7,0,0
BRDA:137,7,1,0
BRDA:137,8,0,0
BRDA:137,8,1,0
BRDA:139,9,0,0
BRDA:139,9,1,0
BRF:21
BRH:0
end_of_record
TN:
SF:/Users/jeanpaulsio/Desktop/code/playground/code-challenge/client/src/setupTests.js
FNF:0
FNH:0
DA:4,4
LF:1
LH:1
BRF:0
BRH:0
end_of_record
TN:
SF:/Users/jeanpaulsio/Desktop/code/playground/code-challenge/client/src/api/index.js
FN:3,(anonymous_0)
FNF:1
FNH:0
FNDA:0,(anonymous_0)
DA:3,1
DA:7,0
DA:8,0
DA:9,0
DA:13,0
DA:14,0
DA:16,0
LF:7
LH:1
BRF:0
BRH:0
end_of_record
TN:
SF:/Users/jeanpaulsio/Desktop/code/playground/code-challenge/client/src/components/Input.js
FN:11,Input
FNF:1
FNH:1
FNDA:4,Input
DA:5,2
DA:12,4
LF:2
LH:2
BRF:0
BRH:0
end_of_record
TN:
SF:/Users/jeanpaulsio/Desktop/code/playground/code-challenge/client/src/components/Problem.js
FN:9,Problem
FNF:1
FNH:1
FNDA:4,Problem
DA:4,2
DA:10,4
LF:2
LH:2
BRF:0
BRH:0
end_of_record
TN:
SF:/Users/jeanpaulsio/Desktop/code/playground/code-challenge/client/src/lib/utils.js
FN:1,(anonymous_0)
FN:5,(anonymous_1)
FN:9,(anonymous_2)
FN:17,(anonymous_3)
FNF:4
FNH:4
FNDA:2,(anonymous_0)
FNDA:3,(anonymous_1)
FNDA:11,(anonymous_2)
FNDA:103,(anonymous_3)
DA:1,2
DA:2,2
DA:5,2
DA:6,3
DA:9,2
DA:10,11
DA:11,11
DA:12,11
DA:13,11
DA:14,11
DA:15,11
DA:17,11
DA:18,103
DA:19,2
DA:22,103
DA:23,14
DA:26,103
DA:27,2
DA:30,103
DA:31,4
DA:34,103
DA:35,4
DA:38,103
DA:45,17
DA:46,17
DA:49,103
DA:56,17
DA:60,11
LF:28
LH:28
BRDA:18,0,0,2
BRDA:18,0,1,101
BRDA:22,1,0,14
BRDA:22,1,1,89
BRDA:26,2,0,2
BRDA:26,2,1,101
BRDA:30,3,0,4
BRDA:30,3,1,99
BRDA:34,4,0,4
BRDA:34,4,1,99
BRDA:38,5,0,17
BRDA:38,5,1,86
BRDA:39,6,0,103
BRDA:39,6,1,33
BRDA:39,6,2,26
BRDA:39,6,3,25
BRDA:39,6,4,18
BRDA:46,7,0,1
BRDA:46,7,1,16
BRDA:49,8,0,17
BRDA:49,8,1,86
BRDA:50,9,0,103
BRDA:50,9,1,33
BRDA:50,9,2,26
BRDA:50,9,3,25
BRDA:50,9,4,18
BRF:26
BRH:26
end_of_record
